[debug] [2022-11-10T23:12:50.136Z] ----------------------------------------------------------------------
[debug] [2022-11-10T23:12:50.140Z] Command:       C:\Program Files\nodejs\node.exe C:\Users\VitóriaSilva\AppData\Roaming\npm\node_modules\firebase-tools\lib\bin\firebase.js init hosting
[debug] [2022-11-10T23:12:50.141Z] CLI Version:   11.16.0
[debug] [2022-11-10T23:12:50.141Z] Platform:      win32
[debug] [2022-11-10T23:12:50.141Z] Node Version:  v18.12.0
[debug] [2022-11-10T23:12:50.143Z] Time:          Thu Nov 10 2022 20:12:50 GMT-0300 (Horário Padrão de Brasília)
[debug] [2022-11-10T23:12:50.143Z] ----------------------------------------------------------------------
[debug] 
[debug] [2022-11-10T23:12:50.285Z] > command requires scopes: ["email","openid","https://www.googleapis.com/auth/cloudplatformprojects.readonly","https://www.googleapis.com/auth/firebase","https://www.googleapis.com/auth/cloud-platform"]
[debug] [2022-11-10T23:12:50.286Z] > authorizing via signed-in user (vitoria.angel2002@gmail.com)
[info] 
     ######## #### ########  ######## ########     ###     ######  ########
     ##        ##  ##     ## ##       ##     ##  ##   ##  ##       ##
     ######    ##  ########  ######   ########  #########  ######  ######
     ##        ##  ##    ##  ##       ##     ## ##     ##       ## ##
     ##       #### ##     ## ######## ########  ##     ##  ######  ########

You're about to initialize a Firebase project in this directory:

  C:\code\delivery_kris

Before we get started, keep in mind:

  * You are currently outside your home directory
  * You are initializing within an existing Firebase project directory

[info] 
=== Project Setup
[info] 
[info] First, let's associate this project directory with a Firebase project.
[info] You can create multiple project aliases by running firebase use --add, 
[info] but for now we'll just set up a default project.
[info] 
[debug] [2022-11-10T23:12:54.179Z] Using project from CLI flag: delivery-kris
[debug] [2022-11-10T23:12:54.185Z] >>> [apiv2][query] GET https://firebase.googleapis.com/v1beta1/projects/delivery-kris [none]
[debug] [2022-11-10T23:12:54.852Z] <<< [apiv2][status] GET https://firebase.googleapis.com/v1beta1/projects/delivery-kris 200
[debug] [2022-11-10T23:12:54.853Z] <<< [apiv2][body] GET https://firebase.googleapis.com/v1beta1/projects/delivery-kris {"projectId":"delivery-kris","projectNumber":"823874873915","displayName":"Delivery kris","name":"projects/delivery-kris","resources":{"hostingSite":"delivery-kris","realtimeDatabaseInstance":"delivery-kris-default-rtdb"},"state":"ACTIVE","etag":"1_e3bc8c49-59fa-4d9d-8430-436d4d203090"}
[info] i  Using project delivery-kris (Delivery kris) 
[info] 
=== Hosting Setup
[info] 
[info] Your public directory is the folder (relative to your project directory) that
[info] will contain Hosting assets to be uploaded with firebase deploy. If you
[info] have a build process for your assets, use your build's output directory.
[info] 
[info] +  Wrote public/404.html 
[debug] [2022-11-10T23:13:07.478Z] >>> [apiv2][query] GET https://www.gstatic.com/firebasejs/releases.json [none]
[debug] [2022-11-10T23:13:07.847Z] <<< [apiv2][status] GET https://www.gstatic.com/firebasejs/releases.json 200
[debug] [2022-11-10T23:13:07.847Z] <<< [apiv2][body] GET https://www.gstatic.com/firebasejs/releases.json {"current":{"version":"9.14.0","browserURL":"https://www.gstatic.com/firebasejs/9.14.0/firebase.js","packageURL":"https://www.gstatic.com/firebasejs/9.14.0/firebase.tgz"},"live":{"version":"9.14","browserURL":"https://www.gstatic.com/firebasejs/live/9.14/firebase.js","packageURL":"https://www.gstatic.com/firebasejs/live/9.14/firebase.tgz"},"components":{"analytics":"https://www.gstatic.com/firebasejs/9.14.0/firebase-analytics.js","app":"https://www.gstatic.com/firebasejs/9.14.0/firebase-app.js","app-check":"https://www.gstatic.com/firebasejs/9.14.0/firebase-app-check.js","auth":"https://www.gstatic.com/firebasejs/9.14.0/firebase-auth.js","auth/cordova":"https://www.gstatic.com/firebasejs/9.14.0/firebase-auth/cordova.js","auth/react-native":"https://www.gstatic.com/firebasejs/9.14.0/firebase-auth/react-native.js","functions":"https://www.gstatic.com/firebasejs/9.14.0/firebase-functions.js","firestore":"https://www.gstatic.com/firebasejs/9.14.0/firebase-firestore.js","firestore/lite":"https://www.gstatic.com/firebasejs/9.14.0/firebase-firestore/lite.js","installations":"https://www.gstatic.com/firebasejs/9.14.0/firebase-installations.js","storage":"https://www.gstatic.com/firebasejs/9.14.0/firebase-storage.js","performance":"https://www.gstatic.com/firebasejs/9.14.0/firebase-performance.js","remote-config":"https://www.gstatic.com/firebasejs/9.14.0/firebase-remote-config.js","messaging":"https://www.gstatic.com/firebasejs/9.14.0/firebase-messaging.js","messaging/sw":"https://www.gstatic.com/firebasejs/9.14.0/firebase-messaging/sw.js","database":"https://www.gstatic.com/firebasejs/9.14.0/firebase-database.js","firestore.memory":"https://www.gstatic.com/firebasejs/9.14.0/firebase-firestore.memory.js"}}
[info] +  Wrote public/index.html 
[info] 
[info] i  Detected a .git folder at C:\code\delivery_kris 
[info] i  Authorizing with GitHub to upload your service account to a GitHub repository's secrets store. 
[info] 
[info] Visit this URL on this device to log in:
[info] https://github.com/login/oauth/authorize?client_id=89cf50f02ac6aaed3484&state=961610882&redirect_uri=http%3A%2F%2Flocalhost%3A9005&scope=read%3Auser%20repo%20public_repo
[info] 
[info] Waiting for authentication...
[debug] [2022-11-10T23:13:16.661Z] >>> [apiv2][query] POST https://github.com/login/oauth/access_token [none]
[debug] [2022-11-10T23:13:16.661Z] >>> [apiv2][body] POST https://github.com/login/oauth/access_token [stream]
[debug] [2022-11-10T23:13:17.063Z] <<< [apiv2][status] POST https://github.com/login/oauth/access_token 200
[debug] [2022-11-10T23:13:17.063Z] <<< [apiv2][body] POST https://github.com/login/oauth/access_token {"access_token":"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","token_type":"bearer","scope":"read:user,repo"}
[debug] [2022-11-10T23:13:17.075Z] >>> [apiv2][query] GET https://api.github.com/user [none]
[debug] [2022-11-10T23:13:17.574Z] <<< [apiv2][status] GET https://api.github.com/user 200
[debug] [2022-11-10T23:13:17.574Z] <<< [apiv2][body] GET https://api.github.com/user {"login":"vihangel","id":47459464,"node_id":"MDQ6VXNlcjQ3NDU5NDY0","avatar_url":"https://avatars.githubusercontent.com/u/47459464?v=4","gravatar_id":"","url":"https://api.github.com/users/vihangel","html_url":"https://github.com/vihangel","followers_url":"https://api.github.com/users/vihangel/followers","following_url":"https://api.github.com/users/vihangel/following{/other_user}","gists_url":"https://api.github.com/users/vihangel/gists{/gist_id}","starred_url":"https://api.github.com/users/vihangel/starred{/owner}{/repo}","subscriptions_url":"https://api.github.com/users/vihangel/subscriptions","organizations_url":"https://api.github.com/users/vihangel/orgs","repos_url":"https://api.github.com/users/vihangel/repos","events_url":"https://api.github.com/users/vihangel/events{/privacy}","received_events_url":"https://api.github.com/users/vihangel/received_events","type":"User","site_admin":false,"name":"Angel","company":"Ufmt","blog":"https://linktr.ee/Vih.Angel","location":"Brasil","email":null,"hireable":true,"bio":"Hey, how are u? Be welcome and enjoy my profile! 😉\r\n","twitter_username":"vihangel_css","public_repos":65,"public_gists":0,"followers":55,"following":52,"created_at":"2019-02-08T18:24:46Z","updated_at":"2022-11-06T01:52:49Z","private_gists":1,"total_private_repos":20,"owned_private_repos":20,"disk_usage":597043,"collaborators":3,"two_factor_authentication":false,"plan":{"name":"pro","space":976562499,"collaborators":0,"private_repos":9999}}
[info] 
[info] +  Success! Logged into GitHub as vihangel 
[info] 
[debug] [2022-11-10T23:14:43.313Z] >>> [apiv2][query] GET https://api.github.com/repos/vihangel/tree/main/web/actions/secrets/public-key type=owner
[debug] [2022-11-10T23:14:43.797Z] <<< [apiv2][status] GET https://api.github.com/repos/vihangel/tree/main/web/actions/secrets/public-key 404
[debug] [2022-11-10T23:14:43.798Z] <<< [apiv2][body] GET https://api.github.com/repos/vihangel/tree/main/web/actions/secrets/public-key {"message":"Not Found","documentation_url":"https://docs.github.com/rest"}
[debug] [2022-11-10T23:14:55.099Z] >>> [apiv2][query] GET https://api.github.com/repos/vihangel/web/actions/secrets/public-key type=owner
[debug] [2022-11-10T23:14:55.575Z] <<< [apiv2][status] GET https://api.github.com/repos/vihangel/web/actions/secrets/public-key 404
[debug] [2022-11-10T23:14:55.575Z] <<< [apiv2][body] GET https://api.github.com/repos/vihangel/web/actions/secrets/public-key {"message":"Not Found","documentation_url":"https://docs.github.com/rest/reference/actions#get-a-repository-public-key"}
[debug] [2022-11-10T23:14:58.147Z] >>> [apiv2][query] GET https://api.github.com/repos/vihangel/web/actions/secrets/public-key type=owner
[debug] [2022-11-10T23:14:58.308Z] >>> [apiv2][query] GET https://api.github.com/repos//actions/secrets/public-key type=owner
[debug] [2022-11-10T23:14:58.464Z] >>> [apiv2][query] GET https://api.github.com/repos//actions/secrets/public-key type=owner
[debug] [2022-11-10T23:14:58.487Z] <<< [apiv2][status] GET https://api.github.com/repos/vihangel/web/actions/secrets/public-key 404
[debug] [2022-11-10T23:14:58.487Z] <<< [apiv2][body] GET https://api.github.com/repos/vihangel/web/actions/secrets/public-key {"message":"Not Found","documentation_url":"https://docs.github.com/rest/reference/actions#get-a-repository-public-key"}
[debug] [2022-11-10T23:14:58.634Z] >>> [apiv2][query] GET https://api.github.com/repos/vihangel/web/actions/secrets/public-key type=owner
[debug] [2022-11-10T23:14:58.657Z] <<< [apiv2][status] GET https://api.github.com/repos//actions/secrets/public-key 404
[debug] [2022-11-10T23:14:58.658Z] <<< [apiv2][body] GET https://api.github.com/repos//actions/secrets/public-key {"message":"Not Found","documentation_url":"https://docs.github.com/rest"}
[debug] [2022-11-10T23:14:58.856Z] <<< [apiv2][status] GET https://api.github.com/repos//actions/secrets/public-key 404
[debug] [2022-11-10T23:14:58.857Z] <<< [apiv2][body] GET https://api.github.com/repos//actions/secrets/public-key {"message":"Not Found","documentation_url":"https://docs.github.com/rest"}
[debug] [2022-11-10T23:14:59.056Z] <<< [apiv2][status] GET https://api.github.com/repos/vihangel/web/actions/secrets/public-key 404
[debug] [2022-11-10T23:14:59.056Z] <<< [apiv2][body] GET https://api.github.com/repos/vihangel/web/actions/secrets/public-key {"message":"Not Found","documentation_url":"https://docs.github.com/rest/reference/actions#get-a-repository-public-key"}
[debug] [2022-11-10T23:15:11.670Z] >>> [apiv2][query] GET https://api.github.com/repos/vihangel/delivery_kris/web/actions/secrets/public-key type=owner
[debug] [2022-11-10T23:15:11.942Z] <<< [apiv2][status] GET https://api.github.com/repos/vihangel/delivery_kris/web/actions/secrets/public-key 404
[debug] [2022-11-10T23:15:11.942Z] <<< [apiv2][body] GET https://api.github.com/repos/vihangel/delivery_kris/web/actions/secrets/public-key {"message":"Not Found","documentation_url":"https://docs.github.com/rest"}
[debug] [2022-11-10T23:15:24.774Z] >>> [apiv2][query] GET https://api.github.com/repos/vihangel/delivery_kris/tree/main/web/actions/secrets/public-key type=owner
[debug] [2022-11-10T23:15:25.166Z] <<< [apiv2][status] GET https://api.github.com/repos/vihangel/delivery_kris/tree/main/web/actions/secrets/public-key 404
[debug] [2022-11-10T23:15:25.167Z] <<< [apiv2][body] GET https://api.github.com/repos/vihangel/delivery_kris/tree/main/web/actions/secrets/public-key {"message":"Not Found","documentation_url":"https://docs.github.com/rest"}
[debug] [2022-11-10T23:15:26.016Z] >>> [apiv2][query] GET https://api.github.com/repos/vihangel/delivery_kris/tree/main/web/actions/secrets/public-key type=owner
[debug] [2022-11-10T23:15:26.187Z] >>> [apiv2][query] GET https://api.github.com/repos//actions/secrets/public-key type=owner
[debug] [2022-11-10T23:15:26.296Z] <<< [apiv2][status] GET https://api.github.com/repos/vihangel/delivery_kris/tree/main/web/actions/secrets/public-key 404
[debug] [2022-11-10T23:15:26.296Z] <<< [apiv2][body] GET https://api.github.com/repos/vihangel/delivery_kris/tree/main/web/actions/secrets/public-key {"message":"Not Found","documentation_url":"https://docs.github.com/rest"}
[debug] [2022-11-10T23:15:26.342Z] >>> [apiv2][query] GET https://api.github.com/repos/vihangel/delivery_kris/tree/main/web/actions/secrets/public-key type=owner
[debug] [2022-11-10T23:15:26.515Z] >>> [apiv2][query] GET https://api.github.com/repos//actions/secrets/public-key type=owner
[debug] [2022-11-10T23:15:26.532Z] <<< [apiv2][status] GET https://api.github.com/repos//actions/secrets/public-key 404
[debug] [2022-11-10T23:15:26.532Z] <<< [apiv2][body] GET https://api.github.com/repos//actions/secrets/public-key {"message":"Not Found","documentation_url":"https://docs.github.com/rest"}
[debug] [2022-11-10T23:15:26.604Z] <<< [apiv2][status] GET https://api.github.com/repos/vihangel/delivery_kris/tree/main/web/actions/secrets/public-key 404
[debug] [2022-11-10T23:15:26.604Z] <<< [apiv2][body] GET https://api.github.com/repos/vihangel/delivery_kris/tree/main/web/actions/secrets/public-key {"message":"Not Found","documentation_url":"https://docs.github.com/rest"}
[debug] [2022-11-10T23:15:26.700Z] >>> [apiv2][query] GET https://api.github.com/repos/vihangel/delivery_kris/tree/main/web/actions/secrets/public-key type=owner
[debug] [2022-11-10T23:15:26.882Z] <<< [apiv2][status] GET https://api.github.com/repos//actions/secrets/public-key 404
[debug] [2022-11-10T23:15:26.882Z] <<< [apiv2][body] GET https://api.github.com/repos//actions/secrets/public-key {"message":"Not Found","documentation_url":"https://docs.github.com/rest"}
[debug] [2022-11-10T23:15:27.112Z] <<< [apiv2][status] GET https://api.github.com/repos/vihangel/delivery_kris/tree/main/web/actions/secrets/public-key 404
[debug] [2022-11-10T23:15:27.113Z] <<< [apiv2][body] GET https://api.github.com/repos/vihangel/delivery_kris/tree/main/web/actions/secrets/public-key {"message":"Not Found","documentation_url":"https://docs.github.com/rest"}
[debug] [2022-11-10T23:15:27.575Z] >>> [apiv2][query] GET https://api.github.com/repos/vihangel/delivery_kris/tree/main/web/actions/secrets/public-key type=owner
[debug] [2022-11-10T23:15:27.932Z] <<< [apiv2][status] GET https://api.github.com/repos/vihangel/delivery_kris/tree/main/web/actions/secrets/public-key 404
[debug] [2022-11-10T23:15:27.933Z] <<< [apiv2][body] GET https://api.github.com/repos/vihangel/delivery_kris/tree/main/web/actions/secrets/public-key {"message":"Not Found","documentation_url":"https://docs.github.com/rest"}
[debug] [2022-11-10T23:15:43.903Z] >>> [apiv2][query] GET https://api.github.com/repos/vihangel/delivery_kris/web/actions/secrets/public-key type=owner
[debug] [2022-11-10T23:15:44.214Z] <<< [apiv2][status] GET https://api.github.com/repos/vihangel/delivery_kris/web/actions/secrets/public-key 404
[debug] [2022-11-10T23:15:44.215Z] <<< [apiv2][body] GET https://api.github.com/repos/vihangel/delivery_kris/web/actions/secrets/public-key {"message":"Not Found","documentation_url":"https://docs.github.com/rest"}
